source proc_vbias.src
source proc_vb_d.src

*1. State the purpose of the run.

display "This run is in response to vbias39.pdf, and produces Table2B."
This run is in response to vbias39.pdf, and produces Table2B.
display "It was exectuted at" %DATEANDTIME()
It was exectuted at 11/10/2015 14:41
display " "



*2. Declare and set the parameters.

declare int nz nq nk nN iflag h i j

compute nz=2
compute nk=1
compute nN=1
compute iflag=0

declare real varphi theta sigma2_1 sigma2_2
declare rect[real] phi omegaU(nz,nz) PX(nk,nz)
declare vector[real] varphi_vec vbias1 vbias2 vbias vbias_vec
declare vector[int] q_vec qplus1_vec
declare vector[rect] delta

compute varphi_vec=|| 0.4 | -0.09 ||
compute q_vec=|| 0 | 1 | 3 | 7 | 11 | 19 | 39 ||
dim qplus1_vec(%rows(q_vec))
do h=1,%rows(q_vec),1
(01.0054)   compute qplus1_vec(h)=q_vec(h)+1
(01.0087) end do h

compute theta=0.3

compute sigma2_1=1
compute sigma2_2=1
compute omegaU=|| sigma2_1,0 | 0,sigma2_2 ||


*3. Execute the program

dim vbias_vec(%rows(q_vec))
report(action=define,hlabels=|| "","varphi","","","q+1","","","",""||)
report(action=modify,row=input,atcol=1,fillby=rows) "" "" qplus1_vec

do i=1,%rows(varphi_vec),1
(01.0054)   do j=1,%rows(q_vec),1
(02.0101)     compute varphi=varphi_vec(i)
(02.0124)     compute phi=|| varphi,theta | 0,0 ||
(02.0167)     compute nq=q_vec(j)
(02.0190)
(02.0190)     compute PX=|| 0,1.0 ||
(02.0219)
(02.0219)     dim delta(nq+1)
(02.0241)
(02.0241)     * compute delta
(02.0241)     do h=1,nq+1,1
(03.0292)       compute delta(h)=tr(|| 1.0,0 ||*inv(%identity(nz)-phi)*(%identity(nz)-phi^(nq+2-h)))
(03.0363)     end do h
(02.0365)
(02.0365)     @proc_vb_d nZ phi omegaU nk PX delta nq vbias
(02.0458)
(02.0458)     compute vbias_vec(j)=%scalar(vbias)
(02.0482)   end do j
(01.0484)
(01.0484)   report(action=modify,row=new,atcol=1,fillby=rows) "vbias" varphi vbias_vec
(01.0537)   report(action=format,picture="*.#",align=right)
(01.0556) end do i

report(action=show)
      varphi          q+1
               1    2    4    8   12   20    40
vbias    0.4 0.0 -0.3 -1.2 -3.2 -5.2 -9.2 -19.2
vbias   -0.1 0.0 -0.3 -0.8 -1.9 -3.1 -5.3 -10.8


