source proc_vbias.src
source proc_vb_d.src

*1. State the purpose of the run.

display "This run is in response to vbias39.pdf, and produces Table2C."
This run is in response to vbias39.pdf, and produces Table2C.
display "It was exectuted at" %DATEANDTIME()
It was exectuted at 11/10/2015 14:33
display " "



*2. Declare and set the parameters.

declare int nz nq nk nN iflag h i j

compute nz=2
compute nk=2
compute nN=1
compute iflag=0

declare real varphi theta sigma2_1 sigma2_2
declare rect[real] phi omegaU(nz,nz) phi(nz,nz) PX(nk,nz) vbias_matrix
declare vector[real] varphi_vec vbias
declare vector[int] q_vec qplus1_vec
declare vector[rect] delta

compute varphi_vec=|| 0.4 | -0.09 ||
compute q_vec=|| 0 | 1 | 3 | 7 | 11 | 19 | 39 ||
dim qplus1_vec(%rows(q_vec))
do h=1,%rows(q_vec),1
(01.0054)   compute qplus1_vec(h)=q_vec(h)+1
(01.0087) end do h

compute theta=0.3

compute sigma2_1=1
compute sigma2_2=1
compute omegaU=|| sigma2_1,0 | 0,sigma2_2 ||


*3. Execute the program

dim vbias_matrix(nk*%rows(varphi_vec),1+%rows(q_vec))

do i=1,%rows(varphi_vec),1
(01.0054)   do j=1,%rows(q_vec),1
(02.0101)     compute varphi=varphi_vec(i)
(02.0124)     compute phi=|| varphi,theta | 0,0 ||
(02.0167)     compute nq=q_vec(j)
(02.0190)
(02.0190)     compute PX=%zeros(nz,nz)
(02.0214)     do h=1,nq+1,1
(03.0265)       compute PX=PX+phi^h
(03.0294)     end do h
(02.0296)     compute PX=(|| 1.0,0 ||*PX)~~|| 0,1.0 ||
(02.0344)
(02.0344)     dim delta(nq+1)
(02.0366)
(02.0366)     * compute delta
(02.0366)     do h=1,nq+1,1
(03.0417)       compute delta(h)=tr(|| 1.0,0 ||*inv(%identity(nz)-phi)*(%identity(nz)-phi^(nq+2-h)))
(03.0488)     end do h
(02.0490)
(02.0490)     @proc_vb_d nZ phi omegaU nk PX delta nq vbias
(02.0583)
(02.0583)     compute vbias_matrix(i,1)=varphi
(02.0608)     compute vbias_matrix(i,1+j)=vbias(1)
(02.0641)     compute vbias_matrix(nk+i,1)=varphi
(02.0671)     compute vbias_matrix(nk+i,1+j)=vbias(2)
(02.0709)   end do j
(01.0711) end do i

report(action=define,hlabels=|| "","varphi","","","q+1","","","",""||)
report(action=modify,row=input,atcol=1,fillby=rows) "" "" qplus1_vec
do h=1,nk*%rows(varphi_vec),1
(01.0061)   report(action=modify,row=new,atcol=1,fillby=rows) "vbias" %xrow(vbias_matrix,h)
(01.0108) end do h
report(action=format,picture="*.#",align=right)
report(action=show)
      varphi            q+1
                1    2     4     8    12    20     40
vbias    0.4 -5.0 -8.2 -14.9 -28.8 -42.8 -70.8 -140.8
vbias   -0.1  7.4 19.8  39.6  80.1 120.5 201.4  403.6
vbias    0.4  1.5  3.0   5.8  10.9  15.9  25.9   50.9
vbias   -0.1 -2.2 -5.7 -11.7 -24.0 -36.2 -60.7 -121.8


