source proc_vbias.src

procedure proc_vb_d nZtwid phitwid omegaUtwid nk PX delta nq vbias
(01.0015)
(01.0015)   type int nztwid nq nk
(01.0015)   type rect[real] omegaUtwid phitwid PX
(01.0015)   type vector[real]   *vbias
(01.0015)   type vector[rect] delta
(01.0015)
(01.0015)   local vect[real] EXeta vbias1 vbias2
(01.0015)   local vect[rect] Eetaztwid
(01.0015)   local rect gamma0 bigD
(01.0015)   local int nN iflag
(01.0015)
(01.0015)   comp nN=1, iflag=0
(01.0042)   dim vbias1(nk) vbias2(nk) gamma0(nztwid,nztwid) bigD(nk,nk)
(01.0122)   dim EXeta(nk) Eetaztwid(nq+1)
(01.0161)
(01.0161)   @proc_vbias iflag nztwid phitwid omegaUtwid nq nk nN PX Eetaztwid EXeta delta bigD gamma0 vbias1 vbias2 vbias
(01.0338)
(01.0338)   return
(01.0339) end



*1. State the purpose of the run.

display "This run is in response to vbias39.pdf, and produces Table2A."
This run is in response to vbias39.pdf, and produces Table2A.
display "It was exectuted at" %DATEANDTIME()
It was exectuted at 08/30/2016 15:45
display " "



*2. Declare and set the parameters.

declare int nz nq nk nN iflag h i j

compute nz=2
compute nq=1
compute nk=1
compute nN=1
compute iflag=0

declare real varphi theta sigma2_1 sigma2_2
declare rect[real] phi omegaU(nz,nz) gamma0 phi(nz,nz) PX(nk,nz) bigD
declare vector[real] varphi_vec EXeta(nk) vbias1 vbias2 vbias vbias_vec vbias1_vec vbias2_vec
declare vector[int] q_vec qplus1_vec
declare vector[rect] delta Eetaz

compute varphi_vec=|| 0.4 | -0.4 | -0.09 ||
compute q_vec=|| 0 | 1 | 3 | 7 | 11 | 19 | 39 ||
dim qplus1_vec(%rows(q_vec))
do h=1,%rows(q_vec),1
(01.0054)   compute qplus1_vec(h)=q_vec(h)+1
(01.0087) end do h

compute theta=0.3

compute sigma2_1=1
compute sigma2_2=1
compute omegaU=|| sigma2_1,0 | 0,sigma2_2 ||


*3. Execute the program

dim vbias_vec(%rows(q_vec)) vbias1_vec(%rows(q_vec)) vbias2_vec(%rows(q_vec))
report(action=define,hlabels=|| "","varphi","","","q+1","","","",""||)
report(action=modify,row=input,atcol=1,fillby=rows) "" "" qplus1_vec

do i=1,%rows(varphi_vec),1
(01.0054)   do j=1,%rows(q_vec),1
(02.0101)     compute varphi=varphi_vec(i)
(02.0124)     compute phi=|| varphi,theta | 0,0 ||
(02.0167)     compute nq=q_vec(j)
(02.0190)
(02.0190)     compute PX=%zeros(nz,nz)
(02.0214)     do h=1,nq+1,1
(03.0265)       compute PX=PX+phi^h
(03.0294)     end do h
(02.0296)     compute PX=|| 1.0,0 ||*PX
(02.0330)
(02.0330)     dim delta(nq+1) Eetaz(nq+1)
(02.0374)
(02.0374)     * compute delta
(02.0374)     do h=1,nq+1,1
(03.0425)       compute delta(h)=tr(|| 1.0,0 ||*inv(%identity(nz)-phi)*(%identity(nz)-phi^(nq+2-h)))
(03.0496)     end do h
(02.0498)
(02.0498) *    @proc_vbias iflag nz phi omegaU nq nk nN PX Eetaz EXeta delta bigD gamma0 vbias1 vbias2 vbias
(02.0498)      @proc_vb_d nZ phi omegaU nk PX delta nq vbias
(02.0591)
(02.0591)     compute vbias_vec(j)=%scalar(vbias)
(02.0615)     compute vbias1_vec(j)=%scalar(vbias1)
(02.0639)     compute vbias2_vec(j)=%scalar(vbias2)
(02.0663)   end do j
(01.0665)
(01.0665)   report(action=modify,row=new,atcol=1,fillby=rows) "vbias" varphi vbias_vec
(01.0718) *  report(action=modify,row=new,atcol=1,fillby=rows) "vbias1" "" vbias1_vec
(01.0718) *  report(action=modify,row=new,atcol=1,fillby=rows) "vbias2" "" vbias2_vec
(01.0718)   report(action=format,picture="*.##",align=right)
(01.0738) end do i

report(action=show)
      varphi              q+1
                 1     2      4      8     12     20      40
vbias   0.40 -3.52 -6.05 -11.33 -22.24 -33.21 -55.16 -110.04
vbias  -0.40 -0.32  2.25   2.98   5.69   8.65  14.60   29.48
vbias  -0.09  0.67  0.87   0.84   0.83   0.83   0.83    0.83

